#! /c/iverilog/bin/vvp
:ivl_version "0.9.7 " "(v0_9_7)";
:vpi_time_precision + 0;
:vpi_module "system";
:vpi_module "v2005_math";
:vpi_module "va_math";
S_01117E28 .scope module, "full_adder" "full_adder" 2 1;
 .timescale 0 0;
L_011134F0 .functor XOR 1, C4<z>, C4<z>, C4<0>, C4<0>;
L_0111EA00 .functor XOR 1, L_011134F0, C4<z>, C4<0>, C4<0>;
L_0111EEA8 .functor AND 1, C4<z>, L_01173D10, C4<1>, C4<1>;
L_0111EF88 .functor AND 1, L_0111EEA8, L_011739A0, C4<1>, C4<1>;
L_01174140 .functor AND 1, L_0111EF88, C4<z>, C4<1>, C4<1>;
v011133E8_0 .net *"_s0", 0 0, L_011134F0; 1 drivers
v01113440_0 .net *"_s10", 0 0, L_0111EF88; 1 drivers
v01113498_0 .net *"_s4", 0 0, L_01173D10; 1 drivers
v0111E798_0 .net *"_s6", 0 0, L_0111EEA8; 1 drivers
v0111E7F0_0 .net *"_s8", 0 0, L_011739A0; 1 drivers
v0111E848_0 .net "a", 0 0, C4<z>; 0 drivers
v0111E8A0_0 .net "b", 0 0, C4<z>; 0 drivers
v0111E8F8_0 .net "c", 0 0, C4<z>; 0 drivers
v0111E950_0 .net "carry", 0 0, L_01174140; 1 drivers
v0111E9A8_0 .net "sum", 0 0, L_0111EA00; 1 drivers
L_01173D10 .arith/sum 1, C4<z>, C4<z>;
L_011739A0 .arith/sum 1, C4<z>, C4<z>;
# The file index is used to find the file name in the following table.
:file_names 3;
    "N/A";
    "<interactive>";
    "full_adder.v";
