#! /c/iverilog/bin/vvp
:ivl_version "0.9.7 " "(v0_9_7)";
:vpi_time_precision + 0;
:vpi_module "system";
:vpi_module "v2005_math";
:vpi_module "va_math";
S_01158A98 .scope module, "full_adder_tb" "full_adder_tb" 2 2;
 .timescale 0 0;
v011B4F40_0 .var "a", 0 0;
v011B4EE8_0 .var "b", 0 0;
v011B5258_0 .var "c", 0 0;
v011B5048_0 .net "carry", 0 0, L_0115EA20; 1 drivers
v011B4D30_0 .net "sum", 0 0, L_01159960; 1 drivers
S_01158F60 .scope module, "FA" "full_adder" 2 6, 3 1, S_01158A98;
 .timescale 0 0;
L_01153A38 .functor XOR 1, v011B4F40_0, v011B4EE8_0, C4<0>, C4<0>;
L_01159960 .functor XOR 1, L_01153A38, v011B5258_0, C4<0>, C4<0>;
L_0115E8E0 .functor AND 1, v011B4F40_0, v011B4EE8_0, C4<1>, C4<1>;
L_0115EB00 .functor AND 1, v011B4EE8_0, v011B5258_0, C4<1>, C4<1>;
L_0115EA90 .functor OR 1, L_0115E8E0, L_0115EB00, C4<0>, C4<0>;
L_0115EB70 .functor AND 1, v011B5258_0, v011B4F40_0, C4<1>, C4<1>;
L_0115EA20 .functor OR 1, L_0115EA90, L_0115EB70, C4<0>, C4<0>;
v01193E50_0 .net *"_s0", 0 0, L_01153A38; 1 drivers
v011540D0_0 .net *"_s10", 0 0, L_0115EB70; 1 drivers
v01154128_0 .net *"_s4", 0 0, L_0115E8E0; 1 drivers
v01154180_0 .net *"_s6", 0 0, L_0115EB00; 1 drivers
v011533E8_0 .net *"_s8", 0 0, L_0115EA90; 1 drivers
v01153440_0 .net "a", 0 0, v011B4F40_0; 1 drivers
v01153498_0 .net "b", 0 0, v011B4EE8_0; 1 drivers
v01159858_0 .net "c", 0 0, v011B5258_0; 1 drivers
v011598B0_0 .alias "carry", 0 0, v011B5048_0;
v01159908_0 .alias "sum", 0 0, v011B4D30_0;
    .scope S_01158A98;
T_0 ;
    %vpi_call 2 9 "$dumpfile", "full_adder_tb.vcd";
    %vpi_call 2 10 "$dumpvars", 1'sb0, S_01158A98;
    %set/v v011B4F40_0, 0, 1;
    %set/v v011B4EE8_0, 0, 1;
    %set/v v011B5258_0, 0, 1;
    %delay 10, 0;
    %set/v v011B4F40_0, 0, 1;
    %set/v v011B4EE8_0, 0, 1;
    %set/v v011B5258_0, 1, 1;
    %delay 10, 0;
    %set/v v011B4F40_0, 0, 1;
    %set/v v011B4EE8_0, 1, 1;
    %set/v v011B5258_0, 0, 1;
    %delay 10, 0;
    %set/v v011B4F40_0, 0, 1;
    %set/v v011B4EE8_0, 1, 1;
    %set/v v011B5258_0, 1, 1;
    %delay 10, 0;
    %set/v v011B4F40_0, 1, 1;
    %set/v v011B4EE8_0, 0, 1;
    %set/v v011B5258_0, 0, 1;
    %delay 10, 0;
    %set/v v011B4F40_0, 1, 1;
    %set/v v011B4EE8_0, 0, 1;
    %set/v v011B5258_0, 1, 1;
    %delay 10, 0;
    %set/v v011B4F40_0, 1, 1;
    %set/v v011B4EE8_0, 1, 1;
    %set/v v011B5258_0, 0, 1;
    %delay 10, 0;
    %set/v v011B4F40_0, 1, 1;
    %set/v v011B4EE8_0, 1, 1;
    %set/v v011B5258_0, 1, 1;
    %delay 10, 0;
    %end;
    .thread T_0;
# The file index is used to find the file name in the following table.
:file_names 4;
    "N/A";
    "<interactive>";
    "full_adder_tb.v";
    "./full_adder.v";
