#! /c/iverilog/bin/vvp
:ivl_version "0.9.7 " "(v0_9_7)";
:vpi_time_precision + 0;
:vpi_module "system";
:vpi_module "v2005_math";
:vpi_module "va_math";
S_011D48B8 .scope module, "tb_decoder_2to_4" "tb_decoder_2to_4" 2 2;
 .timescale 0 0;
v011D8400_0 .var "data_in", 1 0;
v011D8458_0 .var "enable", 0 0;
v011D84B0_0 .net "out", 3 0, v011D83A8_0; 1 drivers
S_011D3468 .scope module, "uut" "decoder_2to_4" 2 8, 3 1, S_011D48B8;
 .timescale 0 0;
v011D34F0_0 .net "data_in", 1 0, v011D8400_0; 1 drivers
v011D3548_0 .net "enable", 0 0, v011D8458_0; 1 drivers
v011D83A8_0 .var "out", 3 0;
E_01213C28 .event edge, v011D3548_0, v011D34F0_0;
    .scope S_011D3468;
T_0 ;
    %wait E_01213C28;
    %load/v 8, v011D3548_0, 1;
    %jmp/0xz  T_0.0, 8;
    %load/v 8, v011D34F0_0, 2;
    %cmpi/u 8, 0, 2;
    %jmp/0xz  T_0.2, 4;
    %movi 8, 1, 4;
    %set/v v011D83A8_0, 8, 4;
    %jmp T_0.3;
T_0.2 ;
    %load/v 8, v011D34F0_0, 2;
    %cmpi/u 8, 1, 2;
    %jmp/0xz  T_0.4, 4;
    %movi 8, 2, 4;
    %set/v v011D83A8_0, 8, 4;
    %jmp T_0.5;
T_0.4 ;
    %load/v 8, v011D34F0_0, 2;
    %cmpi/u 8, 2, 2;
    %jmp/0xz  T_0.6, 4;
    %movi 8, 4, 4;
    %set/v v011D83A8_0, 8, 4;
    %jmp T_0.7;
T_0.6 ;
    %load/v 8, v011D34F0_0, 2;
    %cmpi/u 8, 3, 2;
    %jmp/0xz  T_0.8, 4;
    %movi 8, 8, 4;
    %set/v v011D83A8_0, 8, 4;
    %jmp T_0.9;
T_0.8 ;
    %set/v v011D83A8_0, 0, 4;
T_0.9 ;
T_0.7 ;
T_0.5 ;
T_0.3 ;
    %jmp T_0.1;
T_0.0 ;
    %set/v v011D83A8_0, 0, 4;
T_0.1 ;
    %jmp T_0;
    .thread T_0, $push;
    .scope S_011D48B8;
T_1 ;
    %vpi_call 2 15 "$display", "Enable | Data In | Output";
    %vpi_call 2 16 "$display", "--------------------------";
    %set/v v011D8458_0, 0, 1;
    %set/v v011D8400_0, 0, 2;
    %delay 10, 0;
    %vpi_call 2 19 "$display", "   %b   |   %b    |  %b", v011D8458_0, v011D8400_0, v011D84B0_0;
    %set/v v011D8458_0, 1, 1;
    %set/v v011D8400_0, 0, 2;
    %delay 10, 0;
    %vpi_call 2 22 "$display", "   %b   |   %b    |  %b", v011D8458_0, v011D8400_0, v011D84B0_0;
    %movi 8, 1, 2;
    %set/v v011D8400_0, 8, 2;
    %delay 10, 0;
    %vpi_call 2 25 "$display", "   %b   |   %b    |  %b", v011D8458_0, v011D8400_0, v011D84B0_0;
    %movi 8, 2, 2;
    %set/v v011D8400_0, 8, 2;
    %delay 10, 0;
    %vpi_call 2 28 "$display", "   %b   |   %b    |  %b", v011D8458_0, v011D8400_0, v011D84B0_0;
    %set/v v011D8400_0, 1, 2;
    %delay 10, 0;
    %vpi_call 2 31 "$display", "   %b   |   %b    |  %b", v011D8458_0, v011D8400_0, v011D84B0_0;
    %set/v v011D8458_0, 0, 1;
    %movi 8, 2, 2;
    %set/v v011D8400_0, 8, 2;
    %delay 10, 0;
    %vpi_call 2 34 "$display", "   %b   |   %b    |  %b", v011D8458_0, v011D8400_0, v011D84B0_0;
    %vpi_call 2 36 "$finish";
    %end;
    .thread T_1;
# The file index is used to find the file name in the following table.
:file_names 4;
    "N/A";
    "<interactive>";
    "decod_2to_4_tb.v";
    "./decod_2to_4.v";
