#! /c/iverilog/bin/vvp
:ivl_version "0.9.7 " "(v0_9_7)";
:vpi_time_precision + 0;
:vpi_module "system";
:vpi_module "v2005_math";
:vpi_module "va_math";
S_012B3468 .scope module, "decoder_2to_4" "decoder_2to_4" 2 1;
 .timescale 0 0;
v012B4F48_0 .net "data_in", 1 0, C4<zz>; 0 drivers
v012BE760_0 .net "enable", 0 0, C4<z>; 0 drivers
v012BE7B8_0 .var "out", 3 0;
E_01101190 .event edge, v012BE760_0, v012B4F48_0;
    .scope S_012B3468;
T_0 ;
    %wait E_01101190;
    %load/v 8, v012BE760_0, 1;
    %jmp/0xz  T_0.0, 8;
    %load/v 8, v012B4F48_0, 2;
    %cmpi/u 8, 0, 2;
    %jmp/0xz  T_0.2, 4;
    %movi 8, 1, 4;
    %set/v v012BE7B8_0, 8, 4;
    %jmp T_0.3;
T_0.2 ;
    %load/v 8, v012B4F48_0, 2;
    %cmpi/u 8, 1, 2;
    %jmp/0xz  T_0.4, 4;
    %movi 8, 2, 4;
    %set/v v012BE7B8_0, 8, 4;
    %jmp T_0.5;
T_0.4 ;
    %load/v 8, v012B4F48_0, 2;
    %cmpi/u 8, 2, 2;
    %jmp/0xz  T_0.6, 4;
    %movi 8, 4, 4;
    %set/v v012BE7B8_0, 8, 4;
    %jmp T_0.7;
T_0.6 ;
    %load/v 8, v012B4F48_0, 2;
    %cmpi/u 8, 3, 2;
    %jmp/0xz  T_0.8, 4;
    %movi 8, 8, 4;
    %set/v v012BE7B8_0, 8, 4;
    %jmp T_0.9;
T_0.8 ;
    %set/v v012BE7B8_0, 0, 4;
T_0.9 ;
T_0.7 ;
T_0.5 ;
T_0.3 ;
    %jmp T_0.1;
T_0.0 ;
    %set/v v012BE7B8_0, 0, 4;
T_0.1 ;
    %jmp T_0;
    .thread T_0, $push;
# The file index is used to find the file name in the following table.
:file_names 3;
    "N/A";
    "<interactive>";
    "decod_2to_4.v";
