#! /c/iverilog/bin/vvp
:ivl_version "0.9.7 " "(v0_9_7)";
:vpi_time_precision + 0;
:vpi_module "system";
:vpi_module "v2005_math";
:vpi_module "va_math";
S_01223470 .scope module, "mux_4_to_1" "mux_4_to_1" 2 1;
 .timescale 0 0;
v01224FD0_0 .net "a", 3 0, C4<zzzz>; 0 drivers
v01225028_0 .net "b", 3 0, C4<zzzz>; 0 drivers
v01225080_0 .net "c", 3 0, C4<zzzz>; 0 drivers
v012250D8_0 .net "d", 3 0, C4<zzzz>; 0 drivers
v01225130_0 .var "out", 3 0;
v01225188_0 .net "sel", 1 0, C4<zz>; 0 drivers
E_01227CF0/0 .event edge, v01225188_0, v01224FD0_0, v01225028_0, v01225080_0;
E_01227CF0/1 .event edge, v012250D8_0;
E_01227CF0 .event/or E_01227CF0/0, E_01227CF0/1;
    .scope S_01223470;
T_0 ;
    %wait E_01227CF0;
    %load/v 8, v01225188_0, 2;
    %cmpi/u 8, 0, 2;
    %jmp/1 T_0.0, 6;
    %cmpi/u 8, 1, 2;
    %jmp/1 T_0.1, 6;
    %cmpi/u 8, 2, 2;
    %jmp/1 T_0.2, 6;
    %cmpi/u 8, 3, 2;
    %jmp/1 T_0.3, 6;
    %set/v v01225130_0, 0, 4;
    %jmp T_0.5;
T_0.0 ;
    %load/v 8, v01224FD0_0, 4;
    %set/v v01225130_0, 8, 4;
    %jmp T_0.5;
T_0.1 ;
    %load/v 8, v01225028_0, 4;
    %set/v v01225130_0, 8, 4;
    %jmp T_0.5;
T_0.2 ;
    %load/v 8, v01225080_0, 4;
    %set/v v01225130_0, 8, 4;
    %jmp T_0.5;
T_0.3 ;
    %load/v 8, v012250D8_0, 4;
    %set/v v01225130_0, 8, 4;
    %jmp T_0.5;
T_0.5 ;
    %jmp T_0;
    .thread T_0, $push;
# The file index is used to find the file name in the following table.
:file_names 3;
    "N/A";
    "<interactive>";
    "mux_4_to_1.v";
