#! /c/iverilog/bin/vvp
:ivl_version "0.9.7 " "(v0_9_7)";
:vpi_time_precision + 0;
:vpi_module "system";
:vpi_module "v2005_math";
:vpi_module "va_math";
S_012E8578 .scope module, "half_adder_tb" "half_adder_tb" 2 2;
 .timescale 0 0;
v012E3E98_0 .var "a", 0 0;
v012E3EF0_0 .var "b", 0 0;
v012E87C8_0 .net "carry", 0 0, L_012E8958; 1 drivers
v012E8820_0 .net "sum", 0 0, L_012E8878; 1 drivers
S_012E33F8 .scope module, "HA" "half_adder" 2 6, 3 1, S_012E8578;
 .timescale 0 0;
L_012E8878 .functor XOR 1, v012E3E98_0, v012E3EF0_0, C4<0>, C4<0>;
L_012E8958 .functor AND 1, v012E3E98_0, v012E3EF0_0, C4<1>, C4<1>;
v012E3480_0 .net "a", 0 0, v012E3E98_0; 1 drivers
v012E34D8_0 .net "b", 0 0, v012E3EF0_0; 1 drivers
v012E3DE8_0 .alias "carry", 0 0, v012E87C8_0;
v012E3E40_0 .alias "sum", 0 0, v012E8820_0;
    .scope S_012E8578;
T_0 ;
    %vpi_call 2 9 "$dumpfile", "half_adder_tb.vcd";
    %vpi_call 2 10 "$dumpvars", 1'sb0, S_012E8578;
    %set/v v012E3E98_0, 0, 1;
    %set/v v012E3EF0_0, 0, 1;
    %delay 10, 0;
    %set/v v012E3E98_0, 0, 1;
    %set/v v012E3EF0_0, 1, 1;
    %delay 10, 0;
    %set/v v012E3E98_0, 1, 1;
    %set/v v012E3EF0_0, 0, 1;
    %delay 10, 0;
    %set/v v012E3E98_0, 1, 1;
    %set/v v012E3EF0_0, 1, 1;
    %delay 10, 0;
    %end;
    .thread T_0;
# The file index is used to find the file name in the following table.
:file_names 4;
    "N/A";
    "<interactive>";
    "half_aadder_tb.v";
    "./Half_adder.v";
